{"C:\\Users\\Lenovo\\Desktop\\nest_away\\src\\components\\Booking.js": {"path":"C:\\Users\\Lenovo\\Desktop\\nest_away\\src\\components\\Booking.js","statementMap":{"0":{"start":{"line":4,"column":16},"end":{"line":23,"column":1}},"1":{"start":{"line":5,"column":21},"end":{"line":5,"column":34}},"2":{"start":{"line":7,"column":26},"end":{"line":11,"column":7}},"3":{"start":{"line":9,"column":8},"end":{"line":9,"column":58}},"4":{"start":{"line":12,"column":2},"end":{"line":22,"column":4}}},"fnMap":{"0":{"name":"(anonymous_0)","decl":{"start":{"line":4,"column":16},"end":{"line":4,"column":17}},"loc":{"start":{"line":4,"column":32},"end":{"line":23,"column":1}},"line":4},"1":{"name":"(anonymous_1)","decl":{"start":{"line":7,"column":26},"end":{"line":7,"column":27}},"loc":{"start":{"line":7,"column":32},"end":{"line":11,"column":7}},"line":7}},"branchMap":{},"s":{"0":1,"1":3,"2":3,"3":1,"4":3},"f":{"0":3,"1":1},"b":{},"_coverageSchema":"1a1c01bbd47fc00a2c39e90264f33305004495a9","hash":"b5d15f2ea76b03023cb2b56934cdbf7c8678fa60"}
}
